<?xml version="1.0" encoding="UTF-8"?>
<testsuite name="com.example.alarmavisual.ExampleUnitTest" tests="1" skipped="0" failures="0" errors="0" timestamp="2024-09-28T03:45:17" hostname="MacBook-Pro-de-Gonzalo.local" time="0.001">
  <properties/>
  <testcase name="addition_isCorrect" classname="com.example.alarmavisual.ExampleUnitTest" time="0.001"/>
  <system-out><![CDATA[]]></system-out>
  <system-err><![CDATA[]]></system-err>
</testsuite>
